#
# There is insufficient memory for the Java Runtime Environment to continue.
# Native memory allocation (malloc) failed to allocate 84688 bytes for Chunk::new
# Possible reasons:
#   The system is out of physical RAM or swap space
#   The process is running with CompressedOops enabled, and the Java Heap may be blocking the growth of the native heap
# Possible solutions:
#   Reduce memory load on the system
#   Increase physical memory or swap space
#   Check if swap backing store is full
#   Decrease Java heap size (-Xmx/-Xms)
#   Decrease number of Java threads
#   Decrease Java thread stack sizes (-Xss)
#   Set larger code cache with -XX:ReservedCodeCacheSize=
#   JVM is running with Zero Based Compressed Oops mode in which the Java heap is
#     placed in the first 32GB address space. The Java Heap base address is the
#     maximum limit for the native heap growth. Please use -XX:HeapBaseMinAddress
#     to set the Java Heap base and to place the Java Heap above 32GB virtual address.
# This output file may be truncated or incomplete.
#
#  Out of Memory Error (allocation.cpp:389), pid=15116, tid=0x00000000000035cc
#
# JRE version: Java(TM) SE Runtime Environment (8.0_261-b12) (build 1.8.0_261-b12)
# Java VM: Java HotSpot(TM) 64-Bit Server VM (25.261-b12 mixed mode windows-amd64 compressed oops)
# Failed to write core dump. Minidumps are not enabled by default on client versions of Windows
#

---------------  T H R E A D  ---------------

Current thread (0x0000023a1727a800):  JavaThread "C2 CompilerThread1" daemon [_thread_in_native, id=13772, stack(0x0000004697400000,0x0000004697500000)]

Stack: [0x0000004697400000,0x0000004697500000]
Native frames: (J=compiled Java code, j=interpreted, Vv=VM code, C=native code)
V  [jvm.dll+0x33e5f9]
V  [jvm.dll+0x2850e2]
V  [jvm.dll+0x285d8d]
V  [jvm.dll+0x27c895]
V  [jvm.dll+0xe4d6c]
V  [jvm.dll+0xe556c]
V  [jvm.dll+0x47ed35]
V  [jvm.dll+0x446ab8]
V  [jvm.dll+0x44f8f5]
V  [jvm.dll+0x44ecb5]
V  [jvm.dll+0x439bc7]
V  [jvm.dll+0xbbbcb]
V  [jvm.dll+0xba22b]
V  [jvm.dll+0x24d962]
V  [jvm.dll+0x2a1cfc]
C  [ucrtbase.dll+0x29363]
C  [KERNEL32.DLL+0x1257d]
C  [ntdll.dll+0x5aa58]


Current CompileTask:
C2:   2254 1187       4       jdk.internal.org.objectweb.asm.ClassWriter::newUTF8 (70 bytes)


---------------  P R O C E S S  ---------------

Java Threads: ( => current thread )
  0x0000023a18a3a800 JavaThread "Prism Font Disposer" daemon [_thread_blocked, id=6368, stack(0x0000004698000000,0x0000004698100000)]
  0x0000023a18729800 JavaThread "Thread-3" daemon [_thread_in_native, id=12816, stack(0x0000004697e00000,0x0000004697f00000)]
  0x0000023a18746800 JavaThread "JavaFX-Launcher" [_thread_blocked, id=11012, stack(0x0000004697f00000,0x0000004698000000)]
  0x0000023a18195800 JavaThread "JavaFX Application Thread" [_thread_in_Java, id=3292, stack(0x0000004697a00000,0x0000004697b00000)]
  0x0000023a18194000 JavaThread "Thread-1" daemon [_thread_blocked, id=13848, stack(0x0000004697900000,0x0000004697a00000)]
  0x0000023a1811f000 JavaThread "QuantumRenderer-0" daemon [_thread_blocked, id=18508, stack(0x0000004697800000,0x0000004697900000)]
  0x0000023a17e3b800 JavaThread "Service Thread" daemon [_thread_blocked, id=15260, stack(0x0000004697600000,0x0000004697700000)]
  0x0000023a17e18800 JavaThread "C1 CompilerThread2" daemon [_thread_blocked, id=10960, stack(0x0000004697500000,0x0000004697600000)]
=>0x0000023a1727a800 JavaThread "C2 CompilerThread1" daemon [_thread_in_native, id=13772, stack(0x0000004697400000,0x0000004697500000)]
  0x0000023a17277000 JavaThread "C2 CompilerThread0" daemon [_thread_in_native, id=15700, stack(0x0000004697300000,0x0000004697400000)]
  0x0000023a17269000 JavaThread "Monitor Ctrl-Break" daemon [_thread_in_native, id=13020, stack(0x0000004697200000,0x0000004697300000)]
  0x0000023a17204000 JavaThread "Attach Listener" daemon [_thread_blocked, id=8136, stack(0x0000004697100000,0x0000004697200000)]
  0x0000023a17203000 JavaThread "Signal Dispatcher" daemon [_thread_blocked, id=16576, stack(0x0000004697000000,0x0000004697100000)]
  0x0000023a171e0000 JavaThread "Finalizer" daemon [_thread_blocked, id=14124, stack(0x0000004696f00000,0x0000004697000000)]
  0x0000023a171d7000 JavaThread "Reference Handler" daemon [_thread_blocked, id=14828, stack(0x0000004696e00000,0x0000004696f00000)]
  0x0000023a7e420000 JavaThread "main" [_thread_blocked, id=12360, stack(0x0000004696800000,0x0000004696900000)]

Other Threads:
  0x0000023a171b2000 VMThread [stack: 0x0000004696d00000,0x0000004696e00000] [id=13268]
  0x0000023a17e7a000 WatcherThread [stack: 0x0000004697700000,0x0000004697800000] [id=13740]

VM state:not at safepoint (normal execution)

VM Mutex/Monitor currently owned by a thread: None

heap address: 0x0000000702000000, size: 3040 MB, Compressed Oops mode: Zero based, Oop shift amount: 3
Narrow klass base: 0x0000000000000000, Narrow klass shift: 3
Compressed class space size: 1073741824 Address: 0x00000007c0000000

Heap:
 PSYoungGen      total 56832K, used 9805K [0x0000000780b00000, 0x0000000784a00000, 0x00000007c0000000)
  eden space 49152K, 4% used [0x0000000780b00000,0x0000000780d19218,0x0000000783b00000)
  from space 7680K, 99% used [0x0000000783b00000,0x000000078427a2e0,0x0000000784280000)
  to   space 7680K, 0% used [0x0000000784280000,0x0000000784280000,0x0000000784a00000)
 ParOldGen       total 130048K, used 7265K [0x0000000702000000, 0x0000000709f00000, 0x0000000780b00000)
  object space 130048K, 5% used [0x0000000702000000,0x00000007027187b0,0x0000000709f00000)
 Metaspace       used 14495K, capacity 15040K, committed 15232K, reserved 1062912K
  class space    used 2024K, capacity 2171K, committed 2176K, reserved 1048576K

Card table byte_map: [0x0000023a0f3c0000,0x0000023a0f9c0000] byte_map_base: 0x0000023a0bbb0000

Marking Bits: (ParMarkBitMap*) 0x000000006f064fb0
 Begin Bits: [0x0000023a0fdc0000, 0x0000023a12d40000)
 End Bits:   [0x0000023a12d40000, 0x0000023a15cc0000)

Polling page: 0x0000023a7e3c0000

CodeCache: size=245760Kb used=4515Kb max_used=4518Kb free=241244Kb
 bounds [0x0000023a00000000, 0x0000023a00470000, 0x0000023a0f000000]
 total_blobs=1730 nmethods=1211 adapters=431
 compilation: enabled

Compilation events (10 events):
Event: 2.209 Thread 0x0000023a17e18800 1204       3       java.util.AbstractCollection::isEmpty (13 bytes)
Event: 2.210 Thread 0x0000023a17e18800 nmethod 1204 0x0000023a004638d0 code [0x0000023a00463a40, 0x0000023a00463cb0]
Event: 2.210 Thread 0x0000023a17e18800 1205       3       java.lang.Integer::valueOf (32 bytes)
Event: 2.211 Thread 0x0000023a17e18800 nmethod 1205 0x0000023a00463d50 code [0x0000023a00463ec0, 0x0000023a00464218]
Event: 2.211 Thread 0x0000023a17277000 nmethod 1202 0x0000023a00467210 code [0x0000023a00467360, 0x0000023a004675b8]
Event: 2.211 Thread 0x0000023a17277000 1203       4       java.util.ArrayList::isEmpty (13 bytes)
Event: 2.212 Thread 0x0000023a17277000 nmethod 1203 0x0000023a0045dc10 code [0x0000023a0045dd40, 0x0000023a0045ddb8]
Event: 2.212 Thread 0x0000023a17277000 1206       4       com.sun.javafx.css.BitSet::containsAll (103 bytes)
Event: 2.212 Thread 0x0000023a17e18800 1207       3       javafx.scene.Node::impl_reapplyCSS (93 bytes)
Event: 2.213 Thread 0x0000023a17e18800 nmethod 1207 0x0000023a00465950 code [0x0000023a00465ba0, 0x0000023a00466dd0]

GC Heap History (2 events):
Event: 2.162 GC heap before
{Heap before GC invocations=1 (full 0):
 PSYoungGen      total 56832K, used 49152K [0x0000000780b00000, 0x0000000784a00000, 0x00000007c0000000)
  eden space 49152K, 100% used [0x0000000780b00000,0x0000000783b00000,0x0000000783b00000)
  from space 7680K, 0% used [0x0000000784280000,0x0000000784280000,0x0000000784a00000)
  to   space 7680K, 0% used [0x0000000783b00000,0x0000000783b00000,0x0000000784280000)
 ParOldGen       total 130048K, used 0K [0x0000000702000000, 0x0000000709f00000, 0x0000000780b00000)
  object space 130048K, 0% used [0x0000000702000000,0x0000000702000000,0x0000000709f00000)
 Metaspace       used 14194K, capacity 14714K, committed 14976K, reserved 1062912K
  class space    used 1979K, capacity 2126K, committed 2176K, reserved 1048576K
Event: 2.179 GC heap after
Heap after GC invocations=1 (full 0):
 PSYoungGen      total 56832K, used 7656K [0x0000000780b00000, 0x0000000784a00000, 0x00000007c0000000)
  eden space 49152K, 0% used [0x0000000780b00000,0x0000000780b00000,0x0000000783b00000)
  from space 7680K, 99% used [0x0000000783b00000,0x000000078427a2e0,0x0000000784280000)
  to   space 7680K, 0% used [0x0000000784280000,0x0000000784280000,0x0000000784a00000)
 ParOldGen       total 130048K, used 7265K [0x0000000702000000, 0x0000000709f00000, 0x0000000780b00000)
  object space 130048K, 5% used [0x0000000702000000,0x00000007027187b0,0x0000000709f00000)
 Metaspace       used 14194K, capacity 14714K, committed 14976K, reserved 1062912K
  class space    used 1979K, capacity 2126K, committed 2176K, reserved 1048576K
}

Deoptimization events (9 events):
Event: 0.476 Thread 0x0000023a7e420000 Uncommon trap: reason=null_check action=make_not_entrant pc=0x0000023a001206f4 method=java.lang.String.equals(Ljava/lang/Object;)Z @ 8
Event: 0.961 Thread 0x0000023a18195800 Uncommon trap: reason=unstable_if action=reinterpret pc=0x0000023a001ca1c8 method=java.lang.String.replace(CC)Ljava/lang/String; @ 26
Event: 1.341 Thread 0x0000023a18195800 Uncommon trap: reason=unstable_if action=reinterpret pc=0x0000023a002a04b8 method=java.util.HashMap.getNode(ILjava/lang/Object;)Ljava/util/HashMap$Node; @ 84
Event: 1.341 Thread 0x0000023a18195800 Uncommon trap: reason=unstable_if action=reinterpret pc=0x0000023a00290f94 method=java.util.HashMap.getNode(ILjava/lang/Object;)Ljava/util/HashMap$Node; @ 84
Event: 1.535 Thread 0x0000023a18195800 Uncommon trap: reason=unstable_if action=reinterpret pc=0x0000023a00319ff0 method=com.sun.javafx.image.impl.ByteBgra$ToByteBgraPreConv.doConvert([BII[BIIII)V @ 31
Event: 1.536 Thread 0x0000023a18195800 Uncommon trap: reason=unstable_if action=reinterpret pc=0x0000023a0031eefc method=com.sun.javafx.image.impl.BaseByteToByteConverter$FourByteReorderer.doConvert([BII[BIIII)V @ 31
Event: 1.814 Thread 0x0000023a18195800 Uncommon trap: reason=unstable_if action=reinterpret pc=0x0000023a0038bd20 method=java.io.BufferedInputStream.read([BII)I @ 104
Event: 2.090 Thread 0x0000023a18195800 Uncommon trap: reason=unstable_if action=reinterpret pc=0x0000023a0035d4b4 method=java.util.HashMap.hash(Ljava/lang/Object;)I @ 1
Event: 2.090 Thread 0x0000023a18195800 Uncommon trap: reason=unstable_if action=reinterpret pc=0x0000023a00418c20 method=java.util.HashMap.hash(Ljava/lang/Object;)I @ 1

Classes redefined (0 events):
No events

Internal exceptions (10 events):
Event: 0.428 Thread 0x0000023a7e420000 Exception <a 'java/lang/NullPointerException'> (0x0000000781045890) thrown at [C:\jenkins\workspace\8-2-build-windows-amd64-cygwin\jdk8u261\295\hotspot\src\share\vm\interpreter\linkResolver.cpp, line 1185]
Event: 0.476 Thread 0x0000023a7e420000 Implicit null exception at 0x0000023a00120515 to 0x0000023a001206e5
Event: 1.124 Thread 0x0000023a18195800 Exception <a 'java/lang/NullPointerException'> (0x0000000782054ba8) thrown at [C:\jenkins\workspace\8-2-build-windows-amd64-cygwin\jdk8u261\295\hotspot\src\share\vm\interpreter\linkResolver.cpp, line 1185]
Event: 1.124 Thread 0x0000023a18195800 Exception <a 'java/lang/NullPointerException'> (0x0000000782054ba8) thrown at [C:\jenkins\workspace\8-2-build-windows-amd64-cygwin\jdk8u261\295\hotspot\src\share\vm\prims\jvm.cpp, line 1516]
Event: 1.393 Thread 0x0000023a18195800 Exception <a 'java/lang/ArrayIndexOutOfBoundsException'> (0x0000000782658398) thrown at [C:\jenkins\workspace\8-2-build-windows-amd64-cygwin\jdk8u261\295\hotspot\src\share\vm\runtime\sharedRuntime.cpp, line 605]
Event: 1.394 Thread 0x0000023a18195800 Exception <a 'java/lang/ArrayIndexOutOfBoundsException'> (0x000000078265a950) thrown at [C:\jenkins\workspace\8-2-build-windows-amd64-cygwin\jdk8u261\295\hotspot\src\share\vm\runtime\sharedRuntime.cpp, line 605]
Event: 1.394 Thread 0x0000023a18195800 Exception <a 'java/lang/ArrayIndexOutOfBoundsException'> (0x000000078265c7f8) thrown at [C:\jenkins\workspace\8-2-build-windows-amd64-cygwin\jdk8u261\295\hotspot\src\share\vm\runtime\sharedRuntime.cpp, line 605]
Event: 1.509 Thread 0x0000023a18195800 Exception <a 'java/lang/ArrayIndexOutOfBoundsException'> (0x00000007827b5be8) thrown at [C:\jenkins\workspace\8-2-build-windows-amd64-cygwin\jdk8u261\295\hotspot\src\share\vm\runtime\sharedRuntime.cpp, line 605]
Event: 2.090 Thread 0x0000023a18195800 Implicit null exception at 0x0000023a0035d275 to 0x0000023a0035d4a5
Event: 2.090 Thread 0x0000023a18195800 Implicit null exception at 0x0000023a004186bb to 0x0000023a00418c05

Events (10 events):
Event: 2.205 loading class javafx/scene/layout/HBox$StyleableProperties$2
Event: 2.205 loading class javafx/scene/layout/HBox$StyleableProperties$2 done
Event: 2.205 loading class javafx/scene/layout/HBox$StyleableProperties$3
Event: 2.205 loading class javafx/scene/layout/HBox$StyleableProperties$3 done
Event: 2.208 loading class javafx/scene/shape/Rectangle$StyleableProperties
Event: 2.208 loading class javafx/scene/shape/Rectangle$StyleableProperties done
Event: 2.208 loading class javafx/scene/shape/Rectangle$StyleableProperties$1
Event: 2.208 loading class javafx/scene/shape/Rectangle$StyleableProperties$1 done
Event: 2.208 loading class javafx/scene/shape/Rectangle$StyleableProperties$2
Event: 2.208 loading class javafx/scene/shape/Rectangle$StyleableProperties$2 done


Dynamic libraries:
0x00007ff66b860000 - 0x00007ff66b8a7000 	C:\Program Files\Java\jdk1.8.0_261\bin\java.exe
0x00007ff87bc30000 - 0x00007ff87be47000 	C:\Windows\SYSTEM32\ntdll.dll
0x00007ff879b40000 - 0x00007ff879c04000 	C:\Windows\System32\KERNEL32.DLL
0x00007ff8792a0000 - 0x00007ff879646000 	C:\Windows\System32\KERNELBASE.dll
0x00007ff879980000 - 0x00007ff879a33000 	C:\Windows\System32\ADVAPI32.dll
0x00007ff87af50000 - 0x00007ff87aff7000 	C:\Windows\System32\msvcrt.dll
0x00007ff87a070000 - 0x00007ff87a118000 	C:\Windows\System32\sechost.dll
0x00007ff878ff0000 - 0x00007ff879018000 	C:\Windows\System32\bcrypt.dll
0x00007ff87a120000 - 0x00007ff87a237000 	C:\Windows\System32\RPCRT4.dll
0x00007ff87a240000 - 0x00007ff87a3ee000 	C:\Windows\System32\USER32.dll
0x00007ff879020000 - 0x00007ff879046000 	C:\Windows\System32\win32u.dll
0x00007ff87b620000 - 0x00007ff87b649000 	C:\Windows\System32\GDI32.dll
0x00007ff879180000 - 0x00007ff879298000 	C:\Windows\System32\gdi32full.dll
0x00007ff879650000 - 0x00007ff8796ea000 	C:\Windows\System32\msvcp_win.dll
0x00007ff879860000 - 0x00007ff879971000 	C:\Windows\System32\ucrtbase.dll
0x00007ff85b690000 - 0x00007ff85b923000 	C:\Windows\WinSxS\amd64_microsoft.windows.common-controls_6595b64144ccf1df_6.0.22621.2506_none_270c5ae97388e100\COMCTL32.dll
0x00007ff87bbb0000 - 0x00007ff87bbe1000 	C:\Windows\System32\IMM32.DLL
0x00007ff874590000 - 0x00007ff8745a5000 	C:\Program Files\Java\jdk1.8.0_261\jre\bin\vcruntime140.dll
0x00007ff865ae0000 - 0x00007ff865b7b000 	C:\Program Files\Java\jdk1.8.0_261\jre\bin\msvcp140.dll
0x000000006e870000 - 0x000000006f0dc000 	C:\Program Files\Java\jdk1.8.0_261\jre\bin\server\jvm.dll
0x00007ff87a6d0000 - 0x00007ff87a6d8000 	C:\Windows\System32\PSAPI.DLL
0x00007ff861370000 - 0x00007ff861379000 	C:\Windows\SYSTEM32\WSOCK32.dll
0x00007ff8702c0000 - 0x00007ff8702f4000 	C:\Windows\SYSTEM32\WINMM.dll
0x00007ff87a450000 - 0x00007ff87a4c1000 	C:\Windows\System32\WS2_32.dll
0x00007ff8702b0000 - 0x00007ff8702ba000 	C:\Windows\SYSTEM32\VERSION.dll
0x00007ff877fb0000 - 0x00007ff877fc8000 	C:\Windows\SYSTEM32\kernel.appcore.dll
0x00007ff874260000 - 0x00007ff874270000 	C:\Program Files\Java\jdk1.8.0_261\jre\bin\verify.dll
0x00007ff873a40000 - 0x00007ff873a6b000 	C:\Program Files\Java\jdk1.8.0_261\jre\bin\java.dll
0x00007ff873a00000 - 0x00007ff873a32000 	C:\Program Files\Java\jdk1.8.0_261\jre\bin\instrument.dll
0x00007ff8739e0000 - 0x00007ff8739f8000 	C:\Program Files\Java\jdk1.8.0_261\jre\bin\zip.dll
0x00007ff87a6f0000 - 0x00007ff87af4b000 	C:\Windows\System32\SHELL32.dll
0x00007ff876ed0000 - 0x00007ff8777c6000 	C:\Windows\SYSTEM32\windows.storage.dll
0x00007ff87b750000 - 0x00007ff87bad9000 	C:\Windows\System32\combase.dll
0x00007ff876d90000 - 0x00007ff876ece000 	C:\Windows\SYSTEM32\wintypes.dll
0x00007ff87b650000 - 0x00007ff87b743000 	C:\Windows\System32\SHCORE.dll
0x00007ff87a650000 - 0x00007ff87a6ae000 	C:\Windows\System32\shlwapi.dll
0x00007ff878ea0000 - 0x00007ff878ec6000 	C:\Windows\SYSTEM32\profapi.dll
0x00007ff8716c0000 - 0x00007ff8716da000 	C:\Program Files\JetBrains\IntelliJ IDEA 2023.1.2\bin\breakgen64.dll
0x00007ff8716a0000 - 0x00007ff8716bc000 	C:\Program Files\Java\jdk1.8.0_261\jre\bin\net.dll
0x00007ff878430000 - 0x00007ff878499000 	C:\Windows\system32\mswsock.dll
0x0000023a18200000 - 0x0000023a18203000 	C:\Program Files\Java\jdk1.8.0_261\jre\bin\api-ms-win-core-console-l1-1-0.dll
0x0000023a18210000 - 0x0000023a18213000 	C:\Program Files\Java\jdk1.8.0_261\jre\bin\api-ms-win-core-datetime-l1-1-0.dll
0x0000023a18220000 - 0x0000023a18223000 	C:\Program Files\Java\jdk1.8.0_261\jre\bin\api-ms-win-core-debug-l1-1-0.dll
0x0000023a18230000 - 0x0000023a18233000 	C:\Program Files\Java\jdk1.8.0_261\jre\bin\api-ms-win-core-errorhandling-l1-1-0.dll
0x0000023a18240000 - 0x0000023a18244000 	C:\Program Files\Java\jdk1.8.0_261\jre\bin\api-ms-win-core-file-l1-1-0.dll
0x0000023a18250000 - 0x0000023a18253000 	C:\Program Files\Java\jdk1.8.0_261\jre\bin\api-ms-win-core-file-l1-2-0.dll
0x0000023a18260000 - 0x0000023a18263000 	C:\Program Files\Java\jdk1.8.0_261\jre\bin\api-ms-win-core-file-l2-1-0.dll
0x0000023a18270000 - 0x0000023a18273000 	C:\Program Files\Java\jdk1.8.0_261\jre\bin\api-ms-win-core-handle-l1-1-0.dll
0x0000023a18280000 - 0x0000023a18283000 	C:\Program Files\Java\jdk1.8.0_261\jre\bin\api-ms-win-core-heap-l1-1-0.dll
0x0000023a18290000 - 0x0000023a18293000 	C:\Program Files\Java\jdk1.8.0_261\jre\bin\api-ms-win-core-interlocked-l1-1-0.dll
0x0000023a182a0000 - 0x0000023a182a3000 	C:\Program Files\Java\jdk1.8.0_261\jre\bin\api-ms-win-core-libraryloader-l1-1-0.dll
0x0000023a182b0000 - 0x0000023a182b3000 	C:\Program Files\Java\jdk1.8.0_261\jre\bin\api-ms-win-core-localization-l1-2-0.dll
0x0000023a182c0000 - 0x0000023a182c3000 	C:\Program Files\Java\jdk1.8.0_261\jre\bin\api-ms-win-core-memory-l1-1-0.dll
0x0000023a182d0000 - 0x0000023a182d3000 	C:\Program Files\Java\jdk1.8.0_261\jre\bin\api-ms-win-core-namedpipe-l1-1-0.dll
0x0000023a182e0000 - 0x0000023a182e3000 	C:\Program Files\Java\jdk1.8.0_261\jre\bin\api-ms-win-core-processenvironment-l1-1-0.dll
0x0000023a182f0000 - 0x0000023a182f3000 	C:\Program Files\Java\jdk1.8.0_261\jre\bin\api-ms-win-core-processthreads-l1-1-0.dll
0x0000023a18300000 - 0x0000023a18303000 	C:\Program Files\Java\jdk1.8.0_261\jre\bin\api-ms-win-core-processthreads-l1-1-1.dll
0x0000023a18310000 - 0x0000023a18313000 	C:\Program Files\Java\jdk1.8.0_261\jre\bin\api-ms-win-core-profile-l1-1-0.dll
0x0000023a18320000 - 0x0000023a18323000 	C:\Program Files\Java\jdk1.8.0_261\jre\bin\api-ms-win-core-rtlsupport-l1-1-0.dll
0x0000023a18330000 - 0x0000023a18333000 	C:\Program Files\Java\jdk1.8.0_261\jre\bin\api-ms-win-core-string-l1-1-0.dll
0x0000023a18340000 - 0x0000023a18343000 	C:\Program Files\Java\jdk1.8.0_261\jre\bin\api-ms-win-core-synch-l1-1-0.dll
0x0000023a18350000 - 0x0000023a18353000 	C:\Program Files\Java\jdk1.8.0_261\jre\bin\api-ms-win-core-synch-l1-2-0.dll
0x0000023a18360000 - 0x0000023a18363000 	C:\Program Files\Java\jdk1.8.0_261\jre\bin\api-ms-win-core-sysinfo-l1-1-0.dll
0x0000023a18370000 - 0x0000023a18373000 	C:\Program Files\Java\jdk1.8.0_261\jre\bin\api-ms-win-core-timezone-l1-1-0.dll
0x0000023a18380000 - 0x0000023a18383000 	C:\Program Files\Java\jdk1.8.0_261\jre\bin\api-ms-win-core-util-l1-1-0.dll
0x0000023a18390000 - 0x0000023a18393000 	C:\Program Files\Java\jdk1.8.0_261\jre\bin\api-ms-win-crt-conio-l1-1-0.dll
0x0000023a183a0000 - 0x0000023a183a4000 	C:\Program Files\Java\jdk1.8.0_261\jre\bin\api-ms-win-crt-convert-l1-1-0.dll
0x0000023a183b0000 - 0x0000023a183b3000 	C:\Program Files\Java\jdk1.8.0_261\jre\bin\api-ms-win-crt-environment-l1-1-0.dll
0x0000023a183c0000 - 0x0000023a183c3000 	C:\Program Files\Java\jdk1.8.0_261\jre\bin\api-ms-win-crt-filesystem-l1-1-0.dll
0x0000023a183d0000 - 0x0000023a183d3000 	C:\Program Files\Java\jdk1.8.0_261\jre\bin\api-ms-win-crt-heap-l1-1-0.dll
0x0000023a183e0000 - 0x0000023a183e3000 	C:\Program Files\Java\jdk1.8.0_261\jre\bin\api-ms-win-crt-locale-l1-1-0.dll
0x0000023a183f0000 - 0x0000023a183f5000 	C:\Program Files\Java\jdk1.8.0_261\jre\bin\api-ms-win-crt-math-l1-1-0.dll
0x0000023a18400000 - 0x0000023a18405000 	C:\Program Files\Java\jdk1.8.0_261\jre\bin\api-ms-win-crt-multibyte-l1-1-0.dll
0x0000023a18410000 - 0x0000023a18420000 	C:\Program Files\Java\jdk1.8.0_261\jre\bin\api-ms-win-crt-private-l1-1-0.dll
0x0000023a18420000 - 0x0000023a18423000 	C:\Program Files\Java\jdk1.8.0_261\jre\bin\api-ms-win-crt-process-l1-1-0.dll
0x0000023a18430000 - 0x0000023a18434000 	C:\Program Files\Java\jdk1.8.0_261\jre\bin\api-ms-win-crt-runtime-l1-1-0.dll
0x0000023a18440000 - 0x0000023a18444000 	C:\Program Files\Java\jdk1.8.0_261\jre\bin\api-ms-win-crt-stdio-l1-1-0.dll
0x0000023a18450000 - 0x0000023a18454000 	C:\Program Files\Java\jdk1.8.0_261\jre\bin\api-ms-win-crt-string-l1-1-0.dll
0x0000023a18460000 - 0x0000023a18463000 	C:\Program Files\Java\jdk1.8.0_261\jre\bin\api-ms-win-crt-time-l1-1-0.dll
0x0000023a18470000 - 0x0000023a18473000 	C:\Program Files\Java\jdk1.8.0_261\jre\bin\api-ms-win-crt-utility-l1-1-0.dll
0x00007ff8653b0000 - 0x00007ff8654ac000 	C:\Program Files\Java\jdk1.8.0_261\jre\bin\ucrtbase.dll
0x00007ff866cf0000 - 0x00007ff866d41000 	C:\Program Files\Java\jdk1.8.0_261\jre\bin\concrt140.dll
0x00007ff867280000 - 0x00007ff8672a3000 	C:\Program Files\Java\jdk1.8.0_261\jre\bin\prism_d3d.dll
0x00007ff865170000 - 0x00007ff865319000 	C:\Windows\system32\d3d9.dll
0x00007ff876460000 - 0x00007ff87648b000 	C:\Windows\SYSTEM32\dwmapi.dll
0x00007ff876220000 - 0x00007ff876259000 	C:\Windows\SYSTEM32\dxcore.dll
0x00007ff876140000 - 0x00007ff8761eb000 	C:\Windows\system32\uxtheme.dll
0x00007ff83c200000 - 0x00007ff83c365000 	C:\Windows\System32\DriverStore\FileRepository\iigd_dch.inf_amd64_4de65d949492707a\igdumdim64.dll
0x00007ff87b000000 - 0x00007ff87b1a0000 	C:\Windows\System32\ole32.dll
0x00007fffebab0000 - 0x00007fffef73b000 	C:\Windows\System32\DriverStore\FileRepository\iigd_dch.inf_amd64_4de65d949492707a\igd9dxva64.dll
0x00007ff87a560000 - 0x00007ff87a637000 	C:\Windows\System32\OLEAUT32.dll
0x00007ff87b1a0000 - 0x00007ff87b614000 	C:\Windows\System32\SETUPAPI.dll
0x00007ff878be0000 - 0x00007ff878c2e000 	C:\Windows\SYSTEM32\cfgmgr32.dll
0x00007ff86e130000 - 0x00007ff86e466000 	C:\Windows\System32\DriverStore\FileRepository\iigd_dch.inf_amd64_4de65d949492707a\igdgmm64.dll
0x00007ff873750000 - 0x00007ff87379a000 	C:\Windows\SYSTEM32\directxdatabasehelper.dll
0x00007ff865e80000 - 0x00007ff865ec5000 	C:\Program Files\Java\jdk1.8.0_261\jre\bin\glass.dll
0x00007ff879a40000 - 0x00007ff879b39000 	C:\Windows\System32\COMDLG32.dll
0x00007ff879c10000 - 0x00007ff879d61000 	C:\Windows\System32\MSCTF.dll
0x00007ff878f70000 - 0x00007ff878fea000 	C:\Windows\System32\bcryptPrimitives.dll
0x00007ff870320000 - 0x00007ff870347000 	C:\Windows\System32\DriverStore\FileRepository\iigd_dch.inf_amd64_4de65d949492707a\igdinfo64.dll
0x00007ff86b3a0000 - 0x00007ff86e12f000 	C:\Windows\System32\DriverStore\FileRepository\iigd_dch.inf_amd64_4de65d949492707a\igc64.dll
0x00007ff866d60000 - 0x00007ff866d74000 	C:\Program Files\Java\jdk1.8.0_261\jre\bin\javafx_font.dll
0x00007ff874c60000 - 0x00007ff874ed4000 	C:\Windows\SYSTEM32\dwrite.dll
0x00007ff876a70000 - 0x00007ff876ca3000 	C:\Windows\SYSTEM32\dbghelp.dll

VM Arguments:
jvm_args: -javaagent:C:\Program Files\JetBrains\IntelliJ IDEA 2023.1.2\lib\idea_rt.jar=64294:C:\Program Files\JetBrains\IntelliJ IDEA 2023.1.2\bin -Dfile.encoding=UTF-8 
java_command: com.moha.hms.Initializer
java_class_path (initial): C:\Program Files\Java\jdk1.8.0_261\jre\lib\charsets.jar;C:\Program Files\Java\jdk1.8.0_261\jre\lib\deploy.jar;C:\Program Files\Java\jdk1.8.0_261\jre\lib\ext\access-bridge-64.jar;C:\Program Files\Java\jdk1.8.0_261\jre\lib\ext\cldrdata.jar;C:\Program Files\Java\jdk1.8.0_261\jre\lib\ext\dnsns.jar;C:\Program Files\Java\jdk1.8.0_261\jre\lib\ext\jaccess.jar;C:\Program Files\Java\jdk1.8.0_261\jre\lib\ext\jfxrt.jar;C:\Program Files\Java\jdk1.8.0_261\jre\lib\ext\localedata.jar;C:\Program Files\Java\jdk1.8.0_261\jre\lib\ext\nashorn.jar;C:\Program Files\Java\jdk1.8.0_261\jre\lib\ext\sunec.jar;C:\Program Files\Java\jdk1.8.0_261\jre\lib\ext\sunjce_provider.jar;C:\Program Files\Java\jdk1.8.0_261\jre\lib\ext\sunmscapi.jar;C:\Program Files\Java\jdk1.8.0_261\jre\lib\ext\sunpkcs11.jar;C:\Program Files\Java\jdk1.8.0_261\jre\lib\ext\zipfs.jar;C:\Program Files\Java\jdk1.8.0_261\jre\lib\javaws.jar;C:\Program Files\Java\jdk1.8.0_261\jre\lib\jce.jar;C:\Program Files\Java\jdk1.8.0_261\jre\lib\jfr.jar;C:\Program Files\Java\jdk1.8.0_261\jre\lib\jfxswt.jar;C:\Program Files\Java\jdk1.8.0_261\jre\lib\jsse.jar;C:\Program Files\Java\jdk1.8.0_261\jre\lib\management-agent.jar;C:\Program Files\Java\jdk1.8.0_261\jre\lib\plugin.jar;C:\Program Files\Java\jdk1.8.0_261\jre\lib\resources.jar;C:\Program Files\Java\jdk1.8.0_261\jre\lib\rt.jar;E:\mOha\learn\courses\hnd\4th sem\Project\hms\out\production\hms;E:\mOha\learn\courses\hnd\4th sem\Project\hms\lib\jfoenix-8.0.7.jar;E:\mOha\learn\courses\hnd\4th sem\Project\hms\lib\mysql-connector-j-8.2.0.jar;E:\mOha\learn\courses\hnd\4th sem\Project\hms\lib\jbcrypt-0.2.jar;C:\Program Files\JetBrains\IntelliJ IDEA 2023.1.2\lib\idea_rt.jar
Launcher Type: SUN_STANDARD

Environment Variables:
PATH=C:\Program Files\Java\jdk1.8.0_261\bin;C:\Program Files (x86)\Common Files\Oracle\Java\javapath;C:\Program Files\Common Files\Oracle\Java\javapath;C:\Windows\system32;C:\Windows;C:\Windows\System32\Wbem;C:\Windows\System32\WindowsPowerShell\v1.0\;C:\Windows\System32\OpenSSH\;C:\Program Files\Microsoft SQL Server\150\Tools\Binn\;C:\Program Files\Microsoft SQL Server\Client SDK\ODBC\170\Tools\Binn\;C:\Program Files (x86)\Microsoft SQL Server\160\Tools\Binn\;C:\Program Files\Microsoft SQL Server\160\Tools\Binn\;C:\Program Files\Microsoft SQL Server\160\DTS\Binn\;C:\Program Files (x86)\Microsoft SQL Server\160\DTS\Binn\;C:\Program Files\Azure Data Studio\bin;C:\Program Files\dotnet\;C:\Program Files\Git\cmd;C:\Program Files\MySQL\MySQL Shell 8.0\bin\;C:\Users\muham\AppData\Local\Microsoft\WindowsApps;;C:\Users\muham\AppData\Local\Programs\Microsoft VS Code\bin;C:\Program Files\Azure Data Studio\bin;C:\Users\muham\.dotnet\tools;C:\Program Files\JetBrains\IntelliJ IDEA 2023.1.2\bin;
USERNAME=moha
OS=Windows_NT
PROCESSOR_IDENTIFIER=Intel64 Family 6 Model 142 Stepping 9, GenuineIntel



---------------  S Y S T E M  ---------------

OS: Windows 10.0 , 64 bit Build 22621 (10.0.22621.3085)

CPU:total 4 (initial active 4) (2 cores per cpu, 2 threads per core) family 6 model 142 stepping 9, cmov, cx8, fxsr, mmx, sse, sse2, sse3, ssse3, sse4.1, sse4.2, popcnt, avx, avx2, aes, clmul, erms, 3dnowpref, lzcnt, ht, tsc, tscinvbit, bmi1, bmi2, adx

Memory: 4k page, physical 12445808k(482204k free), swap 30269804k(2140k free)

vm_info: Java HotSpot(TM) 64-Bit Server VM (25.261-b12) for windows-amd64 JRE (1.8.0_261-b12), built on Jun 18 2020 06:56:32 by "" with unknown MS VC++:1916

time: Sun Mar 10 11:02:08 2024
timezone: Sri Lanka Standard Time
elapsed time: 2 seconds (0d 0h 0m 2s)

