#
# There is insufficient memory for the Java Runtime Environment to continue.
# Native memory allocation (malloc) failed to allocate 266656 bytes for Chunk::new
# Possible reasons:
#   The system is out of physical RAM or swap space
#   The process is running with CompressedOops enabled, and the Java Heap may be blocking the growth of the native heap
# Possible solutions:
#   Reduce memory load on the system
#   Increase physical memory or swap space
#   Check if swap backing store is full
#   Decrease Java heap size (-Xmx/-Xms)
#   Decrease number of Java threads
#   Decrease Java thread stack sizes (-Xss)
#   Set larger code cache with -XX:ReservedCodeCacheSize=
#   JVM is running with Zero Based Compressed Oops mode in which the Java heap is
#     placed in the first 32GB address space. The Java Heap base address is the
#     maximum limit for the native heap growth. Please use -XX:HeapBaseMinAddress
#     to set the Java Heap base and to place the Java Heap above 32GB virtual address.
# This output file may be truncated or incomplete.
#
#  Out of Memory Error (allocation.cpp:389), pid=1084, tid=0x00000000000041e4
#
# JRE version: Java(TM) SE Runtime Environment (8.0_261-b12) (build 1.8.0_261-b12)
# Java VM: Java HotSpot(TM) 64-Bit Server VM (25.261-b12 mixed mode windows-amd64 compressed oops)
# Failed to write core dump. Minidumps are not enabled by default on client versions of Windows
#

---------------  T H R E A D  ---------------

Current thread (0x000001f2a00a2000):  JavaThread "C2 CompilerThread1" daemon [_thread_in_native, id=16868, stack(0x0000008d3e800000,0x0000008d3e900000)]

Stack: [0x0000008d3e800000,0x0000008d3e900000]
Native frames: (J=compiled Java code, j=interpreted, Vv=VM code, C=native code)
V  [jvm.dll+0x33e5f9]
V  [jvm.dll+0x2850e2]
V  [jvm.dll+0x285d8d]
V  [jvm.dll+0x27c895]
V  [jvm.dll+0xe4d6c]
V  [jvm.dll+0xe556c]
V  [jvm.dll+0x461812]
V  [jvm.dll+0x49cc3d]
V  [jvm.dll+0x45107e]
V  [jvm.dll+0x44eb84]
V  [jvm.dll+0x439bc7]
V  [jvm.dll+0xbbbcb]
V  [jvm.dll+0xba22b]
V  [jvm.dll+0x24d962]
V  [jvm.dll+0x2a1cfc]
C  [ucrtbase.dll+0x29363]
C  [KERNEL32.DLL+0x1257d]
C  [ntdll.dll+0x5aa58]


Current CompileTask:
C2:   2300  998       4       com.sun.javafx.fxml.BeanAdapter$MethodCache::getMethod (99 bytes)


---------------  P R O C E S S  ---------------

Java Threads: ( => current thread )
  0x000001f2a1a67800 JavaThread "Prism Font Disposer" daemon [_thread_blocked, id=16068, stack(0x0000008d3f400000,0x0000008d3f500000)]
  0x000001f2a160f000 JavaThread "Thread-3" daemon [_thread_in_native, id=12468, stack(0x0000008d3f200000,0x0000008d3f300000)]
  0x000001f2a1585800 JavaThread "JavaFX-Launcher" [_thread_blocked, id=2168, stack(0x0000008d3f300000,0x0000008d3f400000)]
  0x000001f2a1374000 JavaThread "JavaFX Application Thread" [_thread_in_Java, id=13168, stack(0x0000008d3ee00000,0x0000008d3ef00000)]
  0x000001f2a1372800 JavaThread "Thread-1" daemon [_thread_blocked, id=12784, stack(0x0000008d3ed00000,0x0000008d3ee00000)]
  0x000001f2a0faa800 JavaThread "QuantumRenderer-0" daemon [_thread_blocked, id=8384, stack(0x0000008d3ec00000,0x0000008d3ed00000)]
  0x000001f2a0c48000 JavaThread "Service Thread" daemon [_thread_blocked, id=18388, stack(0x0000008d3ea00000,0x0000008d3eb00000)]
  0x000001f2a00a9000 JavaThread "C1 CompilerThread2" daemon [_thread_blocked, id=18876, stack(0x0000008d3e900000,0x0000008d3ea00000)]
=>0x000001f2a00a2000 JavaThread "C2 CompilerThread1" daemon [_thread_in_native, id=16868, stack(0x0000008d3e800000,0x0000008d3e900000)]
  0x000001f2a009e000 JavaThread "C2 CompilerThread0" daemon [_thread_in_native, id=9232, stack(0x0000008d3e700000,0x0000008d3e800000)]
  0x000001f2a007f800 JavaThread "Monitor Ctrl-Break" daemon [_thread_in_native, id=16092, stack(0x0000008d3e600000,0x0000008d3e700000)]
  0x000001f2a002f800 JavaThread "Attach Listener" daemon [_thread_blocked, id=16020, stack(0x0000008d3e500000,0x0000008d3e600000)]
  0x000001f2a002e000 JavaThread "Signal Dispatcher" daemon [_thread_blocked, id=16808, stack(0x0000008d3e400000,0x0000008d3e500000)]
  0x000001f29f8dd000 JavaThread "Finalizer" daemon [_thread_blocked, id=17176, stack(0x0000008d3e300000,0x0000008d3e400000)]
  0x000001f2a0006000 JavaThread "Reference Handler" daemon [_thread_blocked, id=80, stack(0x0000008d3e200000,0x0000008d3e300000)]
  0x000001f2873ce800 JavaThread "main" [_thread_blocked, id=18284, stack(0x0000008d3dc00000,0x0000008d3dd00000)]

Other Threads:
  0x000001f29ffe2000 VMThread [stack: 0x0000008d3e100000,0x0000008d3e200000] [id=2392]
  0x000001f2a0c52000 WatcherThread [stack: 0x0000008d3eb00000,0x0000008d3ec00000] [id=4184]

VM state:not at safepoint (normal execution)

VM Mutex/Monitor currently owned by a thread: None

heap address: 0x0000000702000000, size: 3040 MB, Compressed Oops mode: Zero based, Oop shift amount: 3
Narrow klass base: 0x0000000000000000, Narrow klass shift: 3
Compressed class space size: 1073741824 Address: 0x00000007c0000000

Heap:
 PSYoungGen      total 56832K, used 44930K [0x0000000780b00000, 0x0000000784a00000, 0x00000007c0000000)
  eden space 49152K, 91% used [0x0000000780b00000,0x00000007836e0a10,0x0000000783b00000)
  from space 7680K, 0% used [0x0000000784280000,0x0000000784280000,0x0000000784a00000)
  to   space 7680K, 0% used [0x0000000783b00000,0x0000000783b00000,0x0000000784280000)
 ParOldGen       total 130048K, used 0K [0x0000000702000000, 0x0000000709f00000, 0x0000000780b00000)
  object space 130048K, 0% used [0x0000000702000000,0x0000000702000000,0x0000000709f00000)
 Metaspace       used 12811K, capacity 13300K, committed 13440K, reserved 1060864K
  class space    used 1679K, capacity 1821K, committed 1920K, reserved 1048576K

Card table byte_map: [0x000001f2980f0000,0x000001f2986f0000] byte_map_base: 0x000001f2948e0000

Marking Bits: (ParMarkBitMap*) 0x000000006f064fb0
 Begin Bits: [0x000001f298af0000, 0x000001f29ba70000)
 End Bits:   [0x000001f29ba70000, 0x000001f29e9f0000)

Polling page: 0x000001f2874e0000

CodeCache: size=245760Kb used=4089Kb max_used=4101Kb free=241670Kb
 bounds [0x000001f288d30000, 0x000001f289140000, 0x000001f297d30000]
 total_blobs=1548 nmethods=1051 adapters=410
 compilation: enabled

Compilation events (10 events):
Event: 2.241 Thread 0x000001f2a00a9000 nmethod 1024 0x000001f289114f50 code [0x000001f2891150a0, 0x000001f2891151b8]
Event: 2.241 Thread 0x000001f2a00a9000 1025       1       sun.reflect.annotation.AnnotationType::retention (5 bytes)
Event: 2.241 Thread 0x000001f2a00a9000 nmethod 1025 0x000001f289114c90 code [0x000001f289114de0, 0x000001f289114ef8]
Event: 2.241 Thread 0x000001f2a00a9000 1026       1       java.lang.reflect.WeakCache$CacheKey::hashCode (5 bytes)
Event: 2.241 Thread 0x000001f2a00a9000 nmethod 1026 0x000001f2891149d0 code [0x000001f289114b20, 0x000001f289114c38]
Event: 2.243 Thread 0x000001f2a00a9000 1027       3       java.util.AbstractList::listIterator (6 bytes)
Event: 2.243 Thread 0x000001f2a00a9000 nmethod 1027 0x000001f289113090 code [0x000001f289113200, 0x000001f289113430]
Event: 2.244 Thread 0x000001f2a00a9000 1028       3       java.util.HashMap$HashIterator::<init> (79 bytes)
Event: 2.244 Thread 0x000001f2a009e000 nmethod 992 0x000001f289127b50 code [0x000001f289127cc0, 0x000001f2891289b8]
Event: 2.244 Thread 0x000001f2a00a9000 nmethod 1028 0x000001f289112a10 code [0x000001f289112b80, 0x000001f289112f38]

GC Heap History (0 events):
No events

Deoptimization events (7 events):
Event: 0.627 Thread 0x000001f2873ce800 Uncommon trap: reason=null_check action=make_not_entrant pc=0x000001f288e4faf4 method=java.lang.String.equals(Ljava/lang/Object;)Z @ 8
Event: 1.161 Thread 0x000001f2a1374000 Uncommon trap: reason=unstable_if action=reinterpret pc=0x000001f288ee73c8 method=java.lang.String.replace(CC)Ljava/lang/String; @ 26
Event: 1.596 Thread 0x000001f2a1374000 Uncommon trap: reason=unstable_if action=reinterpret pc=0x000001f288fcbab8 method=java.util.HashMap.getNode(ILjava/lang/Object;)Ljava/util/HashMap$Node; @ 84
Event: 1.596 Thread 0x000001f2a1374000 Uncommon trap: reason=unstable_if action=reinterpret pc=0x000001f288fc0f94 method=java.util.HashMap.getNode(ILjava/lang/Object;)Ljava/util/HashMap$Node; @ 84
Event: 1.863 Thread 0x000001f2a1374000 Uncommon trap: reason=unstable_if action=reinterpret pc=0x000001f289041ef0 method=com.sun.javafx.image.impl.ByteBgra$ToByteBgraPreConv.doConvert([BII[BIIII)V @ 31
Event: 1.864 Thread 0x000001f2a1374000 Uncommon trap: reason=unstable_if action=reinterpret pc=0x000001f289046efc method=com.sun.javafx.image.impl.BaseByteToByteConverter$FourByteReorderer.doConvert([BII[BIIII)V @ 31
Event: 2.163 Thread 0x000001f2a1374000 Uncommon trap: reason=unstable_if action=reinterpret pc=0x000001f2890b2a44 method=java.io.BufferedInputStream.read([BII)I @ 104

Classes redefined (0 events):
No events

Internal exceptions (10 events):
Event: 0.578 Thread 0x000001f2873ce800 Exception <a 'java/security/PrivilegedActionException'> (0x00000007810450a0) thrown at [C:\jenkins\workspace\8-2-build-windows-amd64-cygwin\jdk8u261\295\hotspot\src\share\vm\prims\jvm.cpp, line 1512]
Event: 0.578 Thread 0x000001f2873ce800 Exception <a 'java/security/PrivilegedActionException'> (0x00000007810452b0) thrown at [C:\jenkins\workspace\8-2-build-windows-amd64-cygwin\jdk8u261\295\hotspot\src\share\vm\prims\jvm.cpp, line 1512]
Event: 0.579 Thread 0x000001f2873ce800 Exception <a 'java/lang/NullPointerException'> (0x0000000781045cb8) thrown at [C:\jenkins\workspace\8-2-build-windows-amd64-cygwin\jdk8u261\295\hotspot\src\share\vm\interpreter\linkResolver.cpp, line 1185]
Event: 0.627 Thread 0x000001f2873ce800 Implicit null exception at 0x000001f288e4f915 to 0x000001f288e4fae5
Event: 1.392 Thread 0x000001f2a1374000 Exception <a 'java/lang/NullPointerException'> (0x0000000782051d40) thrown at [C:\jenkins\workspace\8-2-build-windows-amd64-cygwin\jdk8u261\295\hotspot\src\share\vm\interpreter\linkResolver.cpp, line 1185]
Event: 1.392 Thread 0x000001f2a1374000 Exception <a 'java/lang/NullPointerException'> (0x0000000782051d40) thrown at [C:\jenkins\workspace\8-2-build-windows-amd64-cygwin\jdk8u261\295\hotspot\src\share\vm\prims\jvm.cpp, line 1516]
Event: 1.683 Thread 0x000001f2a1374000 Exception <a 'java/lang/ArrayIndexOutOfBoundsException'> (0x0000000782655d80) thrown at [C:\jenkins\workspace\8-2-build-windows-amd64-cygwin\jdk8u261\295\hotspot\src\share\vm\runtime\sharedRuntime.cpp, line 605]
Event: 1.684 Thread 0x000001f2a1374000 Exception <a 'java/lang/ArrayIndexOutOfBoundsException'> (0x0000000782658338) thrown at [C:\jenkins\workspace\8-2-build-windows-amd64-cygwin\jdk8u261\295\hotspot\src\share\vm\runtime\sharedRuntime.cpp, line 605]
Event: 1.685 Thread 0x000001f2a1374000 Exception <a 'java/lang/ArrayIndexOutOfBoundsException'> (0x000000078265a1e0) thrown at [C:\jenkins\workspace\8-2-build-windows-amd64-cygwin\jdk8u261\295\hotspot\src\share\vm\runtime\sharedRuntime.cpp, line 605]
Event: 1.824 Thread 0x000001f2a1374000 Exception <a 'java/lang/ArrayIndexOutOfBoundsException'> (0x00000007827b35d0) thrown at [C:\jenkins\workspace\8-2-build-windows-amd64-cygwin\jdk8u261\295\hotspot\src\share\vm\runtime\sharedRuntime.cpp, line 605]

Events (10 events):
Event: 2.148 loading class com/sun/javafx/font/Disposer$1
Event: 2.148 loading class com/sun/javafx/font/Disposer$1 done
Event: 2.148 Thread 0x000001f2a1a67800 Thread added: 0x000001f2a1a67800
Event: 2.149 loading class javafx/scene/text/TextFlow
Event: 2.149 loading class javafx/scene/text/TextFlow done
Event: 2.163 Thread 0x000001f2a1374000 Uncommon trap: trap_request=0xffffff65 fr.pc=0x000001f2890b2a44
Event: 2.163 Thread 0x000001f2a1374000 DEOPT PACKING pc=0x000001f2890b2a44 sp=0x0000008d3eefcb90
Event: 2.163 Thread 0x000001f2a1374000 DEOPT UNPACKING pc=0x000001f288d75843 sp=0x0000008d3eefcba0 mode 2
Event: 2.191 Thread 0x000001f2a1374000 DEOPT PACKING pc=0x000001f28902f724 sp=0x0000008d3eefc770
Event: 2.191 Thread 0x000001f2a1374000 DEOPT UNPACKING pc=0x000001f288d77898 sp=0x0000008d3eefc4c8 mode 0


Dynamic libraries:
0x00007ff66b860000 - 0x00007ff66b8a7000 	C:\Program Files\Java\jdk1.8.0_261\bin\java.exe
0x00007ff87bc30000 - 0x00007ff87be47000 	C:\Windows\SYSTEM32\ntdll.dll
0x00007ff879b40000 - 0x00007ff879c04000 	C:\Windows\System32\KERNEL32.DLL
0x00007ff8792a0000 - 0x00007ff879646000 	C:\Windows\System32\KERNELBASE.dll
0x00007ff879980000 - 0x00007ff879a33000 	C:\Windows\System32\ADVAPI32.dll
0x00007ff87af50000 - 0x00007ff87aff7000 	C:\Windows\System32\msvcrt.dll
0x00007ff87a070000 - 0x00007ff87a118000 	C:\Windows\System32\sechost.dll
0x00007ff878ff0000 - 0x00007ff879018000 	C:\Windows\System32\bcrypt.dll
0x00007ff87a120000 - 0x00007ff87a237000 	C:\Windows\System32\RPCRT4.dll
0x00007ff87a240000 - 0x00007ff87a3ee000 	C:\Windows\System32\USER32.dll
0x00007ff879020000 - 0x00007ff879046000 	C:\Windows\System32\win32u.dll
0x00007ff87b620000 - 0x00007ff87b649000 	C:\Windows\System32\GDI32.dll
0x00007ff879180000 - 0x00007ff879298000 	C:\Windows\System32\gdi32full.dll
0x00007ff879650000 - 0x00007ff8796ea000 	C:\Windows\System32\msvcp_win.dll
0x00007ff879860000 - 0x00007ff879971000 	C:\Windows\System32\ucrtbase.dll
0x00007ff85b690000 - 0x00007ff85b923000 	C:\Windows\WinSxS\amd64_microsoft.windows.common-controls_6595b64144ccf1df_6.0.22621.2506_none_270c5ae97388e100\COMCTL32.dll
0x00007ff87bbb0000 - 0x00007ff87bbe1000 	C:\Windows\System32\IMM32.DLL
0x00007ff8716b0000 - 0x00007ff8716c5000 	C:\Program Files\Java\jdk1.8.0_261\jre\bin\vcruntime140.dll
0x00007ff865ae0000 - 0x00007ff865b7b000 	C:\Program Files\Java\jdk1.8.0_261\jre\bin\msvcp140.dll
0x000000006e870000 - 0x000000006f0dc000 	C:\Program Files\Java\jdk1.8.0_261\jre\bin\server\jvm.dll
0x00007ff87a6d0000 - 0x00007ff87a6d8000 	C:\Windows\System32\PSAPI.DLL
0x00007ff861370000 - 0x00007ff861379000 	C:\Windows\SYSTEM32\WSOCK32.dll
0x00007ff8702c0000 - 0x00007ff8702f4000 	C:\Windows\SYSTEM32\WINMM.dll
0x00007ff87a450000 - 0x00007ff87a4c1000 	C:\Windows\System32\WS2_32.dll
0x00007ff8702b0000 - 0x00007ff8702ba000 	C:\Windows\SYSTEM32\VERSION.dll
0x00007ff877fb0000 - 0x00007ff877fc8000 	C:\Windows\SYSTEM32\kernel.appcore.dll
0x00007ff874590000 - 0x00007ff8745a0000 	C:\Program Files\Java\jdk1.8.0_261\jre\bin\verify.dll
0x00007ff867280000 - 0x00007ff8672ab000 	C:\Program Files\Java\jdk1.8.0_261\jre\bin\java.dll
0x00007ff866b90000 - 0x00007ff866bc2000 	C:\Program Files\Java\jdk1.8.0_261\jre\bin\instrument.dll
0x00007ff866d60000 - 0x00007ff866d78000 	C:\Program Files\Java\jdk1.8.0_261\jre\bin\zip.dll
0x00007ff87a6f0000 - 0x00007ff87af4b000 	C:\Windows\System32\SHELL32.dll
0x00007ff876ed0000 - 0x00007ff8777c6000 	C:\Windows\SYSTEM32\windows.storage.dll
0x00007ff87b750000 - 0x00007ff87bad9000 	C:\Windows\System32\combase.dll
0x00007ff876d90000 - 0x00007ff876ece000 	C:\Windows\SYSTEM32\wintypes.dll
0x00007ff87b650000 - 0x00007ff87b743000 	C:\Windows\System32\SHCORE.dll
0x00007ff87a650000 - 0x00007ff87a6ae000 	C:\Windows\System32\shlwapi.dll
0x00007ff878ea0000 - 0x00007ff878ec6000 	C:\Windows\SYSTEM32\profapi.dll
0x00007ff866be0000 - 0x00007ff866bfa000 	C:\Program Files\JetBrains\IntelliJ IDEA 2023.1.2\bin\breakgen64.dll
0x00007ff866ae0000 - 0x00007ff866afc000 	C:\Program Files\Java\jdk1.8.0_261\jre\bin\net.dll
0x00007ff878430000 - 0x00007ff878499000 	C:\Windows\system32\mswsock.dll
0x000001f2a1000000 - 0x000001f2a1003000 	C:\Program Files\Java\jdk1.8.0_261\jre\bin\api-ms-win-core-console-l1-1-0.dll
0x000001f2a1010000 - 0x000001f2a1013000 	C:\Program Files\Java\jdk1.8.0_261\jre\bin\api-ms-win-core-datetime-l1-1-0.dll
0x000001f2a1020000 - 0x000001f2a1023000 	C:\Program Files\Java\jdk1.8.0_261\jre\bin\api-ms-win-core-debug-l1-1-0.dll
0x000001f2a1030000 - 0x000001f2a1033000 	C:\Program Files\Java\jdk1.8.0_261\jre\bin\api-ms-win-core-errorhandling-l1-1-0.dll
0x000001f2a1040000 - 0x000001f2a1044000 	C:\Program Files\Java\jdk1.8.0_261\jre\bin\api-ms-win-core-file-l1-1-0.dll
0x000001f2a1050000 - 0x000001f2a1053000 	C:\Program Files\Java\jdk1.8.0_261\jre\bin\api-ms-win-core-file-l1-2-0.dll
0x000001f2a1060000 - 0x000001f2a1063000 	C:\Program Files\Java\jdk1.8.0_261\jre\bin\api-ms-win-core-file-l2-1-0.dll
0x000001f2a1070000 - 0x000001f2a1073000 	C:\Program Files\Java\jdk1.8.0_261\jre\bin\api-ms-win-core-handle-l1-1-0.dll
0x000001f2a1080000 - 0x000001f2a1083000 	C:\Program Files\Java\jdk1.8.0_261\jre\bin\api-ms-win-core-heap-l1-1-0.dll
0x000001f2a1090000 - 0x000001f2a1093000 	C:\Program Files\Java\jdk1.8.0_261\jre\bin\api-ms-win-core-interlocked-l1-1-0.dll
0x000001f2a10a0000 - 0x000001f2a10a3000 	C:\Program Files\Java\jdk1.8.0_261\jre\bin\api-ms-win-core-libraryloader-l1-1-0.dll
0x000001f2a10b0000 - 0x000001f2a10b3000 	C:\Program Files\Java\jdk1.8.0_261\jre\bin\api-ms-win-core-localization-l1-2-0.dll
0x000001f2a10c0000 - 0x000001f2a10c3000 	C:\Program Files\Java\jdk1.8.0_261\jre\bin\api-ms-win-core-memory-l1-1-0.dll
0x000001f2a10d0000 - 0x000001f2a10d3000 	C:\Program Files\Java\jdk1.8.0_261\jre\bin\api-ms-win-core-namedpipe-l1-1-0.dll
0x000001f2a10e0000 - 0x000001f2a10e3000 	C:\Program Files\Java\jdk1.8.0_261\jre\bin\api-ms-win-core-processenvironment-l1-1-0.dll
0x000001f2a10f0000 - 0x000001f2a10f3000 	C:\Program Files\Java\jdk1.8.0_261\jre\bin\api-ms-win-core-processthreads-l1-1-0.dll
0x000001f2a1100000 - 0x000001f2a1103000 	C:\Program Files\Java\jdk1.8.0_261\jre\bin\api-ms-win-core-processthreads-l1-1-1.dll
0x000001f2a1110000 - 0x000001f2a1113000 	C:\Program Files\Java\jdk1.8.0_261\jre\bin\api-ms-win-core-profile-l1-1-0.dll
0x000001f2a1120000 - 0x000001f2a1123000 	C:\Program Files\Java\jdk1.8.0_261\jre\bin\api-ms-win-core-rtlsupport-l1-1-0.dll
0x000001f2a1130000 - 0x000001f2a1133000 	C:\Program Files\Java\jdk1.8.0_261\jre\bin\api-ms-win-core-string-l1-1-0.dll
0x000001f2a1140000 - 0x000001f2a1143000 	C:\Program Files\Java\jdk1.8.0_261\jre\bin\api-ms-win-core-synch-l1-1-0.dll
0x000001f2a1150000 - 0x000001f2a1153000 	C:\Program Files\Java\jdk1.8.0_261\jre\bin\api-ms-win-core-synch-l1-2-0.dll
0x000001f2a1160000 - 0x000001f2a1163000 	C:\Program Files\Java\jdk1.8.0_261\jre\bin\api-ms-win-core-sysinfo-l1-1-0.dll
0x000001f2a1170000 - 0x000001f2a1173000 	C:\Program Files\Java\jdk1.8.0_261\jre\bin\api-ms-win-core-timezone-l1-1-0.dll
0x000001f2a1180000 - 0x000001f2a1183000 	C:\Program Files\Java\jdk1.8.0_261\jre\bin\api-ms-win-core-util-l1-1-0.dll
0x000001f2a1190000 - 0x000001f2a1193000 	C:\Program Files\Java\jdk1.8.0_261\jre\bin\api-ms-win-crt-conio-l1-1-0.dll
0x000001f2a11a0000 - 0x000001f2a11a4000 	C:\Program Files\Java\jdk1.8.0_261\jre\bin\api-ms-win-crt-convert-l1-1-0.dll
0x000001f2a11b0000 - 0x000001f2a11b3000 	C:\Program Files\Java\jdk1.8.0_261\jre\bin\api-ms-win-crt-environment-l1-1-0.dll
0x000001f2a11c0000 - 0x000001f2a11c3000 	C:\Program Files\Java\jdk1.8.0_261\jre\bin\api-ms-win-crt-filesystem-l1-1-0.dll
0x000001f2a11d0000 - 0x000001f2a11d3000 	C:\Program Files\Java\jdk1.8.0_261\jre\bin\api-ms-win-crt-heap-l1-1-0.dll
0x000001f2a11e0000 - 0x000001f2a11e3000 	C:\Program Files\Java\jdk1.8.0_261\jre\bin\api-ms-win-crt-locale-l1-1-0.dll
0x000001f2a11f0000 - 0x000001f2a11f5000 	C:\Program Files\Java\jdk1.8.0_261\jre\bin\api-ms-win-crt-math-l1-1-0.dll
0x000001f2a1200000 - 0x000001f2a1205000 	C:\Program Files\Java\jdk1.8.0_261\jre\bin\api-ms-win-crt-multibyte-l1-1-0.dll
0x000001f2a1210000 - 0x000001f2a1220000 	C:\Program Files\Java\jdk1.8.0_261\jre\bin\api-ms-win-crt-private-l1-1-0.dll
0x000001f2a1220000 - 0x000001f2a1223000 	C:\Program Files\Java\jdk1.8.0_261\jre\bin\api-ms-win-crt-process-l1-1-0.dll
0x000001f2a1230000 - 0x000001f2a1234000 	C:\Program Files\Java\jdk1.8.0_261\jre\bin\api-ms-win-crt-runtime-l1-1-0.dll
0x000001f2a1240000 - 0x000001f2a1244000 	C:\Program Files\Java\jdk1.8.0_261\jre\bin\api-ms-win-crt-stdio-l1-1-0.dll
0x000001f2a1250000 - 0x000001f2a1254000 	C:\Program Files\Java\jdk1.8.0_261\jre\bin\api-ms-win-crt-string-l1-1-0.dll
0x000001f2a1260000 - 0x000001f2a1263000 	C:\Program Files\Java\jdk1.8.0_261\jre\bin\api-ms-win-crt-time-l1-1-0.dll
0x000001f2a1270000 - 0x000001f2a1273000 	C:\Program Files\Java\jdk1.8.0_261\jre\bin\api-ms-win-crt-utility-l1-1-0.dll
0x00007ff8653b0000 - 0x00007ff8654ac000 	C:\Program Files\Java\jdk1.8.0_261\jre\bin\ucrtbase.dll
0x00007ff873a10000 - 0x00007ff873a61000 	C:\Program Files\Java\jdk1.8.0_261\jre\bin\concrt140.dll
0x00007ff8745a0000 - 0x00007ff8745c3000 	C:\Program Files\Java\jdk1.8.0_261\jre\bin\prism_d3d.dll
0x00007ff865170000 - 0x00007ff865319000 	C:\Windows\system32\d3d9.dll
0x00007ff876460000 - 0x00007ff87648b000 	C:\Windows\SYSTEM32\dwmapi.dll
0x00007ff876220000 - 0x00007ff876259000 	C:\Windows\SYSTEM32\dxcore.dll
0x00007ff876140000 - 0x00007ff8761eb000 	C:\Windows\system32\uxtheme.dll
0x00007ff83c200000 - 0x00007ff83c365000 	C:\Windows\System32\DriverStore\FileRepository\iigd_dch.inf_amd64_4de65d949492707a\igdumdim64.dll
0x00007ff87b000000 - 0x00007ff87b1a0000 	C:\Windows\System32\ole32.dll
0x00007fffebab0000 - 0x00007fffef73b000 	C:\Windows\System32\DriverStore\FileRepository\iigd_dch.inf_amd64_4de65d949492707a\igd9dxva64.dll
0x00007ff87a560000 - 0x00007ff87a637000 	C:\Windows\System32\OLEAUT32.dll
0x00007ff87b1a0000 - 0x00007ff87b614000 	C:\Windows\System32\SETUPAPI.dll
0x00007ff878be0000 - 0x00007ff878c2e000 	C:\Windows\SYSTEM32\cfgmgr32.dll
0x00007ff86e130000 - 0x00007ff86e466000 	C:\Windows\System32\DriverStore\FileRepository\iigd_dch.inf_amd64_4de65d949492707a\igdgmm64.dll
0x00007ff873750000 - 0x00007ff87379a000 	C:\Windows\SYSTEM32\directxdatabasehelper.dll
0x00007ff866d00000 - 0x00007ff866d45000 	C:\Program Files\Java\jdk1.8.0_261\jre\bin\glass.dll
0x00007ff879a40000 - 0x00007ff879b39000 	C:\Windows\System32\COMDLG32.dll
0x00007ff879c10000 - 0x00007ff879d61000 	C:\Windows\System32\MSCTF.dll
0x00007ff878f70000 - 0x00007ff878fea000 	C:\Windows\System32\bcryptPrimitives.dll
0x00007ff870320000 - 0x00007ff870347000 	C:\Windows\System32\DriverStore\FileRepository\iigd_dch.inf_amd64_4de65d949492707a\igdinfo64.dll
0x00007ff86b3a0000 - 0x00007ff86e12f000 	C:\Windows\System32\DriverStore\FileRepository\iigd_dch.inf_amd64_4de65d949492707a\igc64.dll
0x00007ff8739f0000 - 0x00007ff873a04000 	C:\Program Files\Java\jdk1.8.0_261\jre\bin\javafx_font.dll
0x00007ff874c60000 - 0x00007ff874ed4000 	C:\Windows\SYSTEM32\dwrite.dll
0x00007ff876a70000 - 0x00007ff876ca3000 	C:\Windows\SYSTEM32\dbghelp.dll

VM Arguments:
jvm_args: -javaagent:C:\Program Files\JetBrains\IntelliJ IDEA 2023.1.2\lib\idea_rt.jar=64289:C:\Program Files\JetBrains\IntelliJ IDEA 2023.1.2\bin -Dfile.encoding=UTF-8 
java_command: com.moha.hms.Initializer
java_class_path (initial): C:\Program Files\Java\jdk1.8.0_261\jre\lib\charsets.jar;C:\Program Files\Java\jdk1.8.0_261\jre\lib\deploy.jar;C:\Program Files\Java\jdk1.8.0_261\jre\lib\ext\access-bridge-64.jar;C:\Program Files\Java\jdk1.8.0_261\jre\lib\ext\cldrdata.jar;C:\Program Files\Java\jdk1.8.0_261\jre\lib\ext\dnsns.jar;C:\Program Files\Java\jdk1.8.0_261\jre\lib\ext\jaccess.jar;C:\Program Files\Java\jdk1.8.0_261\jre\lib\ext\jfxrt.jar;C:\Program Files\Java\jdk1.8.0_261\jre\lib\ext\localedata.jar;C:\Program Files\Java\jdk1.8.0_261\jre\lib\ext\nashorn.jar;C:\Program Files\Java\jdk1.8.0_261\jre\lib\ext\sunec.jar;C:\Program Files\Java\jdk1.8.0_261\jre\lib\ext\sunjce_provider.jar;C:\Program Files\Java\jdk1.8.0_261\jre\lib\ext\sunmscapi.jar;C:\Program Files\Java\jdk1.8.0_261\jre\lib\ext\sunpkcs11.jar;C:\Program Files\Java\jdk1.8.0_261\jre\lib\ext\zipfs.jar;C:\Program Files\Java\jdk1.8.0_261\jre\lib\javaws.jar;C:\Program Files\Java\jdk1.8.0_261\jre\lib\jce.jar;C:\Program Files\Java\jdk1.8.0_261\jre\lib\jfr.jar;C:\Program Files\Java\jdk1.8.0_261\jre\lib\jfxswt.jar;C:\Program Files\Java\jdk1.8.0_261\jre\lib\jsse.jar;C:\Program Files\Java\jdk1.8.0_261\jre\lib\management-agent.jar;C:\Program Files\Java\jdk1.8.0_261\jre\lib\plugin.jar;C:\Program Files\Java\jdk1.8.0_261\jre\lib\resources.jar;C:\Program Files\Java\jdk1.8.0_261\jre\lib\rt.jar;E:\mOha\learn\courses\hnd\4th sem\Project\hms\out\production\hms;E:\mOha\learn\courses\hnd\4th sem\Project\hms\lib\jfoenix-8.0.7.jar;E:\mOha\learn\courses\hnd\4th sem\Project\hms\lib\mysql-connector-j-8.2.0.jar;E:\mOha\learn\courses\hnd\4th sem\Project\hms\lib\jbcrypt-0.2.jar;C:\Program Files\JetBrains\IntelliJ IDEA 2023.1.2\lib\idea_rt.jar
Launcher Type: SUN_STANDARD

Environment Variables:
PATH=C:\Program Files\Java\jdk1.8.0_261\bin;C:\Program Files (x86)\Common Files\Oracle\Java\javapath;C:\Program Files\Common Files\Oracle\Java\javapath;C:\Windows\system32;C:\Windows;C:\Windows\System32\Wbem;C:\Windows\System32\WindowsPowerShell\v1.0\;C:\Windows\System32\OpenSSH\;C:\Program Files\Microsoft SQL Server\150\Tools\Binn\;C:\Program Files\Microsoft SQL Server\Client SDK\ODBC\170\Tools\Binn\;C:\Program Files (x86)\Microsoft SQL Server\160\Tools\Binn\;C:\Program Files\Microsoft SQL Server\160\Tools\Binn\;C:\Program Files\Microsoft SQL Server\160\DTS\Binn\;C:\Program Files (x86)\Microsoft SQL Server\160\DTS\Binn\;C:\Program Files\Azure Data Studio\bin;C:\Program Files\dotnet\;C:\Program Files\Git\cmd;C:\Program Files\MySQL\MySQL Shell 8.0\bin\;C:\Users\muham\AppData\Local\Microsoft\WindowsApps;;C:\Users\muham\AppData\Local\Programs\Microsoft VS Code\bin;C:\Program Files\Azure Data Studio\bin;C:\Users\muham\.dotnet\tools;C:\Program Files\JetBrains\IntelliJ IDEA 2023.1.2\bin;
USERNAME=moha
OS=Windows_NT
PROCESSOR_IDENTIFIER=Intel64 Family 6 Model 142 Stepping 9, GenuineIntel



---------------  S Y S T E M  ---------------

OS: Windows 10.0 , 64 bit Build 22621 (10.0.22621.3085)

CPU:total 4 (initial active 4) (2 cores per cpu, 2 threads per core) family 6 model 142 stepping 9, cmov, cx8, fxsr, mmx, sse, sse2, sse3, ssse3, sse4.1, sse4.2, popcnt, avx, avx2, aes, clmul, erms, 3dnowpref, lzcnt, ht, tsc, tscinvbit, bmi1, bmi2, adx

Memory: 4k page, physical 12445808k(529208k free), swap 30269804k(1216k free)

vm_info: Java HotSpot(TM) 64-Bit Server VM (25.261-b12) for windows-amd64 JRE (1.8.0_261-b12), built on Jun 18 2020 06:56:32 by "" with unknown MS VC++:1916

time: Sun Mar 10 11:01:48 2024
timezone: Sri Lanka Standard Time
elapsed time: 2 seconds (0d 0h 0m 2s)

